20:13:59.796 {main} INFO  org.testng.internal.Utils -[Utils] MethodGroupsHelper.collectMethodsByGroup() took 0 ms.
20:13:59.800 {main} INFO  org.testng.internal.Utils -[Utils] MethodGroupsHelper.sortMethods() took 1 ms.
20:13:59.802 {main} INFO  org.testng.internal.Utils -[Utils] MethodGroupsHelper.collectMethodsByGroup() took 0 ms.
20:13:59.802 {main} INFO  org.testng.internal.Utils -[Utils] MethodGroupsHelper.sortMethods() took 0 ms.
20:13:59.802 {main} INFO  org.testng.internal.Utils -[Utils] MethodGroupsHelper.collectMethodsByGroup() took 0 ms.
20:13:59.802 {main} INFO  org.testng.internal.Utils -[Utils] MethodGroupsHelper.sortMethods() took 0 ms.
20:13:59.803 {main} INFO  org.testng.internal.Utils -[Utils] MethodGroupsHelper.collectMethodsByGroup() took 0 ms.
20:13:59.808 {main} INFO  org.testng.internal.Utils -[Utils] MethodGroupsHelper.sortMethods() took 0 ms.
20:13:59.814 {main} INFO  org.testng.internal.Utils -[Utils] MethodGroupsHelper.collectMethodsByGroup() took 4 ms.
20:13:59.821 {main} INFO  org.testng.internal.Utils -[Utils] MethodGroupsHelper.sortMethods() took 6 ms.
20:13:59.822 {main} INFO  org.testng.internal.Utils -[Utils] MethodGroupsHelper.collectMethodsByGroup() took 0 ms.
20:13:59.823 {main} INFO  org.testng.internal.Utils -[Utils] MethodGroupsHelper.sortMethods() took 0 ms.
20:13:59.823 {main} INFO  org.testng.internal.Utils -[Utils] MethodGroupsHelper.collectMethodsByGroup() took 0 ms.
20:13:59.823 {main} INFO  org.testng.internal.Utils -[Utils] MethodGroupsHelper.sortMethods() took 0 ms.
20:13:59.824 {main} INFO  org.testng.internal.Utils -[Utils] MethodGroupsHelper.collectMethodsByGroup() took 0 ms.
20:13:59.824 {main} INFO  org.testng.internal.Utils -[Utils] MethodGroupsHelper.sortMethods() took 0 ms.
20:13:59.826 {main} INFO  org.testng.internal.Utils -[Utils] MethodGroupsHelper.collectMethodsByGroup() took 0 ms.
20:13:59.826 {main} INFO  org.testng.internal.Utils -[Utils] MethodGroupsHelper.sortMethods() took 0 ms.
20:13:59.826 {main} INFO  org.testng.internal.Utils -[Utils] MethodGroupsHelper.collectMethodsByGroup() took 0 ms.
20:13:59.826 {main} INFO  org.testng.internal.Utils -[Utils] MethodGroupsHelper.sortMethods() took 0 ms.
20:13:59.828 {main} INFO  org.testng.internal.Utils -[Utils] MethodGroupsHelper.collectMethodsByGroup() took 0 ms.
20:13:59.828 {main} INFO  org.testng.internal.Utils -[Utils] MethodGroupsHelper.sortMethods() took 0 ms.
20:13:59.828 {main} INFO  org.testng.internal.Utils -[Utils] MethodGroupsHelper.collectMethodsByGroup() took 0 ms.
20:13:59.829 {main} INFO  org.testng.internal.Utils -[Utils] MethodGroupsHelper.sortMethods() took 0 ms.
20:13:59.829 {main} INFO  org.testng.internal.Utils -[Utils] MethodGroupsHelper.collectMethodsByGroup() took 0 ms.
20:13:59.830 {main} INFO  org.testng.internal.Utils -[Utils] MethodGroupsHelper.sortMethods() took 0 ms.
20:13:59.831 {main} INFO  org.testng.internal.Utils -[Utils] MethodGroupsHelper.collectMethodsByGroup() took 0 ms.
20:13:59.831 {main} INFO  org.testng.internal.Utils -[Utils] MethodGroupsHelper.sortMethods() took 0 ms.
20:13:59.831 {main} INFO  org.testng.internal.Utils -[Utils] MethodGroupsHelper.collectMethodsByGroup() took 0 ms.
20:13:59.831 {main} INFO  org.testng.internal.Utils -[Utils] MethodGroupsHelper.sortMethods() took 0 ms.
20:13:59.838 {main} INFO  org.testng.internal.Utils -[TestNG] Running:
  C:\Users\NIKHIL\AppData\Local\Temp\testng-eclipse--1424484743\testng-customsuite.xml

20:13:59.854 {main} INFO  org.testng.internal.Utils -[Utils] DynamicGraphHelper.createDynamicGraph() took 3 ms.
20:14:02.133 {main} INFO  testCases.TC001_AccountRegistrationTest -***** STARTING TC001_AccountRegistrationTest *****
20:14:03.010 {main} INFO  testCases.TC001_AccountRegistrationTest -Clicked on MyAccount Link
20:14:03.015 {main} INFO  testCases.TC001_AccountRegistrationTest -Providing customer details
20:14:04.051 {main} INFO  testCases.TC001_AccountRegistrationTest -Validatin expected message...
20:14:14.091 {main} ERROR testCases.TC001_AccountRegistrationTest -Test Failed
20:14:14.405 {main} INFO  org.testng.internal.Utils -[TestNG] Time taken by org.testng.reporters.jq.Main@250b236d: 47 ms
20:14:14.414 {main} INFO  org.testng.internal.Utils -[TestNG] Time taken by org.testng.reporters.FailedReporter@6e1f8469: 9 ms
20:14:14.421 {main} INFO  org.testng.internal.Utils -[TestNG] Time taken by org.testng.reporters.XMLReporter@5f303ecd: 7 ms
20:14:14.421 {main} INFO  org.testng.internal.Utils -[TestNG] Time taken by org.testng.reporters.EmailableReporter2@17814b1c: 0 ms
20:14:14.436 {main} INFO  org.testng.internal.Utils -[TestNG] Time taken by org.testng.reporters.JUnitReportReporter@17d2ed1b: 15 ms
20:14:14.436 {main} INFO  org.testng.internal.Utils -[TestNG] Time taken by org.testng.internal.ExitCodeListener@185f7840: 0 ms
20:15:09.620 {main} INFO  org.testng.internal.Utils -[Utils] MethodGroupsHelper.collectMethodsByGroup() took 0 ms.
20:15:09.625 {main} INFO  org.testng.internal.Utils -[Utils] MethodGroupsHelper.sortMethods() took 1 ms.
20:15:09.627 {main} INFO  org.testng.internal.Utils -[Utils] MethodGroupsHelper.collectMethodsByGroup() took 0 ms.
20:15:09.627 {main} INFO  org.testng.internal.Utils -[Utils] MethodGroupsHelper.sortMethods() took 0 ms.
20:15:09.627 {main} INFO  org.testng.internal.Utils -[Utils] MethodGroupsHelper.collectMethodsByGroup() took 0 ms.
20:15:09.627 {main} INFO  org.testng.internal.Utils -[Utils] MethodGroupsHelper.sortMethods() took 0 ms.
20:15:09.628 {main} INFO  org.testng.internal.Utils -[Utils] MethodGroupsHelper.collectMethodsByGroup() took 0 ms.
20:15:09.628 {main} INFO  org.testng.internal.Utils -[Utils] MethodGroupsHelper.sortMethods() took 0 ms.
20:15:09.634 {main} INFO  org.testng.internal.Utils -[Utils] MethodGroupsHelper.collectMethodsByGroup() took 3 ms.
20:15:09.641 {main} INFO  org.testng.internal.Utils -[Utils] MethodGroupsHelper.sortMethods() took 6 ms.
20:15:09.641 {main} INFO  org.testng.internal.Utils -[Utils] MethodGroupsHelper.collectMethodsByGroup() took 0 ms.
20:15:09.642 {main} INFO  org.testng.internal.Utils -[Utils] MethodGroupsHelper.sortMethods() took 0 ms.
20:15:09.642 {main} INFO  org.testng.internal.Utils -[Utils] MethodGroupsHelper.collectMethodsByGroup() took 0 ms.
20:15:09.642 {main} INFO  org.testng.internal.Utils -[Utils] MethodGroupsHelper.sortMethods() took 0 ms.
20:15:09.643 {main} INFO  org.testng.internal.Utils -[Utils] MethodGroupsHelper.collectMethodsByGroup() took 0 ms.
20:15:09.643 {main} INFO  org.testng.internal.Utils -[Utils] MethodGroupsHelper.sortMethods() took 0 ms.
20:15:09.644 {main} INFO  org.testng.internal.Utils -[Utils] MethodGroupsHelper.collectMethodsByGroup() took 0 ms.
20:15:09.645 {main} INFO  org.testng.internal.Utils -[Utils] MethodGroupsHelper.sortMethods() took 0 ms.
20:15:09.645 {main} INFO  org.testng.internal.Utils -[Utils] MethodGroupsHelper.collectMethodsByGroup() took 0 ms.
20:15:09.645 {main} INFO  org.testng.internal.Utils -[Utils] MethodGroupsHelper.sortMethods() took 0 ms.
20:15:09.648 {main} INFO  org.testng.internal.Utils -[Utils] MethodGroupsHelper.collectMethodsByGroup() took 0 ms.
20:15:09.648 {main} INFO  org.testng.internal.Utils -[Utils] MethodGroupsHelper.sortMethods() took 0 ms.
20:15:09.648 {main} INFO  org.testng.internal.Utils -[Utils] MethodGroupsHelper.collectMethodsByGroup() took 0 ms.
20:15:09.648 {main} INFO  org.testng.internal.Utils -[Utils] MethodGroupsHelper.sortMethods() took 0 ms.
20:15:09.648 {main} INFO  org.testng.internal.Utils -[Utils] MethodGroupsHelper.collectMethodsByGroup() took 0 ms.
20:15:09.649 {main} INFO  org.testng.internal.Utils -[Utils] MethodGroupsHelper.sortMethods() took 0 ms.
20:15:09.651 {main} INFO  org.testng.internal.Utils -[Utils] MethodGroupsHelper.collectMethodsByGroup() took 0 ms.
20:15:09.651 {main} INFO  org.testng.internal.Utils -[Utils] MethodGroupsHelper.sortMethods() took 0 ms.
20:15:09.651 {main} INFO  org.testng.internal.Utils -[Utils] MethodGroupsHelper.collectMethodsByGroup() took 0 ms.
20:15:09.651 {main} INFO  org.testng.internal.Utils -[Utils] MethodGroupsHelper.sortMethods() took 0 ms.
20:15:09.658 {main} INFO  org.testng.internal.Utils -[TestNG] Running:
  C:\Users\NIKHIL\AppData\Local\Temp\testng-eclipse--768195065\testng-customsuite.xml

20:15:09.676 {main} INFO  org.testng.internal.Utils -[Utils] DynamicGraphHelper.createDynamicGraph() took 3 ms.
20:15:12.729 {main} INFO  testCases.TC001_AccountRegistrationTest -***** STARTING TC001_AccountRegistrationTest *****
20:15:13.518 {main} INFO  testCases.TC001_AccountRegistrationTest -Clicked on MyAccount Link
20:15:13.521 {main} INFO  testCases.TC001_AccountRegistrationTest -Providing customer details
20:15:14.735 {main} INFO  testCases.TC001_AccountRegistrationTest -Validatin expected message...
20:15:24.795 {main} ERROR testCases.TC001_AccountRegistrationTest -Test Failed
20:15:25.078 {main} INFO  org.testng.internal.Utils -[TestNG] Time taken by org.testng.reporters.jq.Main@250b236d: 63 ms
20:15:25.093 {main} INFO  org.testng.internal.Utils -[TestNG] Time taken by org.testng.reporters.FailedReporter@6e1f8469: 15 ms
20:15:25.099 {main} INFO  org.testng.internal.Utils -[TestNG] Time taken by org.testng.reporters.XMLReporter@5f303ecd: 6 ms
20:15:25.099 {main} INFO  org.testng.internal.Utils -[TestNG] Time taken by org.testng.reporters.EmailableReporter2@17814b1c: 0 ms
20:15:25.109 {main} INFO  org.testng.internal.Utils -[TestNG] Time taken by org.testng.reporters.JUnitReportReporter@17d2ed1b: 10 ms
20:15:25.109 {main} INFO  org.testng.internal.Utils -[TestNG] Time taken by org.testng.internal.ExitCodeListener@185f7840: 0 ms
20:15:46.698 {main} INFO  org.testng.internal.Utils -[Utils] MethodGroupsHelper.collectMethodsByGroup() took 0 ms.
20:15:46.703 {main} INFO  org.testng.internal.Utils -[Utils] MethodGroupsHelper.sortMethods() took 0 ms.
20:15:46.704 {main} INFO  org.testng.internal.Utils -[Utils] MethodGroupsHelper.collectMethodsByGroup() took 0 ms.
20:15:46.705 {main} INFO  org.testng.internal.Utils -[Utils] MethodGroupsHelper.sortMethods() took 1 ms.
20:15:46.705 {main} INFO  org.testng.internal.Utils -[Utils] MethodGroupsHelper.collectMethodsByGroup() took 0 ms.
20:15:46.705 {main} INFO  org.testng.internal.Utils -[Utils] MethodGroupsHelper.sortMethods() took 0 ms.
20:15:46.706 {main} INFO  org.testng.internal.Utils -[Utils] MethodGroupsHelper.collectMethodsByGroup() took 0 ms.
20:15:46.706 {main} INFO  org.testng.internal.Utils -[Utils] MethodGroupsHelper.sortMethods() took 0 ms.
20:15:46.712 {main} INFO  org.testng.internal.Utils -[Utils] MethodGroupsHelper.collectMethodsByGroup() took 5 ms.
20:15:46.720 {main} INFO  org.testng.internal.Utils -[Utils] MethodGroupsHelper.sortMethods() took 6 ms.
20:15:46.721 {main} INFO  org.testng.internal.Utils -[Utils] MethodGroupsHelper.collectMethodsByGroup() took 0 ms.
20:15:46.721 {main} INFO  org.testng.internal.Utils -[Utils] MethodGroupsHelper.sortMethods() took 0 ms.
20:15:46.722 {main} INFO  org.testng.internal.Utils -[Utils] MethodGroupsHelper.collectMethodsByGroup() took 0 ms.
20:15:46.722 {main} INFO  org.testng.internal.Utils -[Utils] MethodGroupsHelper.sortMethods() took 0 ms.
20:15:46.722 {main} INFO  org.testng.internal.Utils -[Utils] MethodGroupsHelper.collectMethodsByGroup() took 0 ms.
20:15:46.722 {main} INFO  org.testng.internal.Utils -[Utils] MethodGroupsHelper.sortMethods() took 0 ms.
20:15:46.724 {main} INFO  org.testng.internal.Utils -[Utils] MethodGroupsHelper.collectMethodsByGroup() took 0 ms.
20:15:46.724 {main} INFO  org.testng.internal.Utils -[Utils] MethodGroupsHelper.sortMethods() took 0 ms.
20:15:46.724 {main} INFO  org.testng.internal.Utils -[Utils] MethodGroupsHelper.collectMethodsByGroup() took 0 ms.
20:15:46.724 {main} INFO  org.testng.internal.Utils -[Utils] MethodGroupsHelper.sortMethods() took 0 ms.
20:15:46.726 {main} INFO  org.testng.internal.Utils -[Utils] MethodGroupsHelper.collectMethodsByGroup() took 0 ms.
20:15:46.726 {main} INFO  org.testng.internal.Utils -[Utils] MethodGroupsHelper.sortMethods() took 0 ms.
20:15:46.727 {main} INFO  org.testng.internal.Utils -[Utils] MethodGroupsHelper.collectMethodsByGroup() took 0 ms.
20:15:46.727 {main} INFO  org.testng.internal.Utils -[Utils] MethodGroupsHelper.sortMethods() took 0 ms.
20:15:46.728 {main} INFO  org.testng.internal.Utils -[Utils] MethodGroupsHelper.collectMethodsByGroup() took 0 ms.
20:15:46.728 {main} INFO  org.testng.internal.Utils -[Utils] MethodGroupsHelper.sortMethods() took 0 ms.
20:15:46.729 {main} INFO  org.testng.internal.Utils -[Utils] MethodGroupsHelper.collectMethodsByGroup() took 0 ms.
20:15:46.730 {main} INFO  org.testng.internal.Utils -[Utils] MethodGroupsHelper.sortMethods() took 0 ms.
20:15:46.730 {main} INFO  org.testng.internal.Utils -[Utils] MethodGroupsHelper.collectMethodsByGroup() took 0 ms.
20:15:46.730 {main} INFO  org.testng.internal.Utils -[Utils] MethodGroupsHelper.sortMethods() took 0 ms.
20:15:46.736 {main} INFO  org.testng.internal.Utils -[TestNG] Running:
  C:\Users\NIKHIL\AppData\Local\Temp\testng-eclipse--1881921887\testng-customsuite.xml

20:15:46.758 {main} INFO  org.testng.internal.Utils -[Utils] DynamicGraphHelper.createDynamicGraph() took 3 ms.
20:15:50.720 {main} INFO  testCases.TC001_AccountRegistrationTest -***** STARTING TC001_AccountRegistrationTest *****
20:15:51.234 {main} INFO  testCases.TC001_AccountRegistrationTest -Clicked on MyAccount Link
20:15:51.239 {main} INFO  testCases.TC001_AccountRegistrationTest -Providing customer details
20:15:51.806 {main} INFO  testCases.TC001_AccountRegistrationTest -Validatin expected message...
20:15:52.569 {main} ERROR testCases.TC001_AccountRegistrationTest -Test Failed
20:15:52.797 {main} INFO  org.testng.internal.Utils -[TestNG] Time taken by org.testng.reporters.jq.Main@543e593: 59 ms
20:15:52.811 {main} INFO  org.testng.internal.Utils -[TestNG] Time taken by org.testng.reporters.FailedReporter@61f3fbb8: 14 ms
20:15:52.818 {main} INFO  org.testng.internal.Utils -[TestNG] Time taken by org.testng.reporters.XMLReporter@215a34b4: 7 ms
20:15:52.825 {main} INFO  org.testng.internal.Utils -[TestNG] Time taken by org.testng.reporters.EmailableReporter2@4632cfc: 6 ms
20:15:52.833 {main} INFO  org.testng.internal.Utils -[TestNG] Time taken by org.testng.reporters.JUnitReportReporter@31ee96f4: 8 ms
20:15:52.833 {main} INFO  org.testng.internal.Utils -[TestNG] Time taken by org.testng.internal.ExitCodeListener@320494b6: 0 ms
20:20:03.865 {main} INFO  org.testng.internal.Utils -[Utils] MethodGroupsHelper.collectMethodsByGroup() took 0 ms.
20:20:03.870 {main} INFO  org.testng.internal.Utils -[Utils] MethodGroupsHelper.sortMethods() took 0 ms.
20:20:03.871 {main} INFO  org.testng.internal.Utils -[Utils] MethodGroupsHelper.collectMethodsByGroup() took 0 ms.
20:20:03.871 {main} INFO  org.testng.internal.Utils -[Utils] MethodGroupsHelper.sortMethods() took 0 ms.
20:20:03.871 {main} INFO  org.testng.internal.Utils -[Utils] MethodGroupsHelper.collectMethodsByGroup() took 0 ms.
20:20:03.872 {main} INFO  org.testng.internal.Utils -[Utils] MethodGroupsHelper.sortMethods() took 0 ms.
20:20:03.872 {main} INFO  org.testng.internal.Utils -[Utils] MethodGroupsHelper.collectMethodsByGroup() took 0 ms.
20:20:03.872 {main} INFO  org.testng.internal.Utils -[Utils] MethodGroupsHelper.sortMethods() took 0 ms.
20:20:03.877 {main} INFO  org.testng.internal.Utils -[Utils] MethodGroupsHelper.collectMethodsByGroup() took 3 ms.
20:20:03.886 {main} INFO  org.testng.internal.Utils -[Utils] MethodGroupsHelper.sortMethods() took 8 ms.
20:20:03.887 {main} INFO  org.testng.internal.Utils -[Utils] MethodGroupsHelper.collectMethodsByGroup() took 0 ms.
20:20:03.887 {main} INFO  org.testng.internal.Utils -[Utils] MethodGroupsHelper.sortMethods() took 0 ms.
20:20:03.888 {main} INFO  org.testng.internal.Utils -[Utils] MethodGroupsHelper.collectMethodsByGroup() took 0 ms.
20:20:03.888 {main} INFO  org.testng.internal.Utils -[Utils] MethodGroupsHelper.sortMethods() took 0 ms.
20:20:03.888 {main} INFO  org.testng.internal.Utils -[Utils] MethodGroupsHelper.collectMethodsByGroup() took 0 ms.
20:20:03.889 {main} INFO  org.testng.internal.Utils -[Utils] MethodGroupsHelper.sortMethods() took 0 ms.
20:20:03.891 {main} INFO  org.testng.internal.Utils -[Utils] MethodGroupsHelper.collectMethodsByGroup() took 0 ms.
20:20:03.891 {main} INFO  org.testng.internal.Utils -[Utils] MethodGroupsHelper.sortMethods() took 0 ms.
20:20:03.892 {main} INFO  org.testng.internal.Utils -[Utils] MethodGroupsHelper.collectMethodsByGroup() took 0 ms.
20:20:03.892 {main} INFO  org.testng.internal.Utils -[Utils] MethodGroupsHelper.sortMethods() took 0 ms.
20:20:03.894 {main} INFO  org.testng.internal.Utils -[Utils] MethodGroupsHelper.collectMethodsByGroup() took 0 ms.
20:20:03.894 {main} INFO  org.testng.internal.Utils -[Utils] MethodGroupsHelper.sortMethods() took 0 ms.
20:20:03.894 {main} INFO  org.testng.internal.Utils -[Utils] MethodGroupsHelper.collectMethodsByGroup() took 0 ms.
20:20:03.894 {main} INFO  org.testng.internal.Utils -[Utils] MethodGroupsHelper.sortMethods() took 0 ms.
20:20:03.895 {main} INFO  org.testng.internal.Utils -[Utils] MethodGroupsHelper.collectMethodsByGroup() took 0 ms.
20:20:03.896 {main} INFO  org.testng.internal.Utils -[Utils] MethodGroupsHelper.sortMethods() took 0 ms.
20:20:03.898 {main} INFO  org.testng.internal.Utils -[Utils] MethodGroupsHelper.collectMethodsByGroup() took 0 ms.
20:20:03.898 {main} INFO  org.testng.internal.Utils -[Utils] MethodGroupsHelper.sortMethods() took 0 ms.
20:20:03.898 {main} INFO  org.testng.internal.Utils -[Utils] MethodGroupsHelper.collectMethodsByGroup() took 0 ms.
20:20:03.898 {main} INFO  org.testng.internal.Utils -[Utils] MethodGroupsHelper.sortMethods() took 0 ms.
20:20:03.904 {main} INFO  org.testng.internal.Utils -[TestNG] Running:
  C:\Users\NIKHIL\AppData\Local\Temp\testng-eclipse--310639672\testng-customsuite.xml

20:20:03.923 {main} INFO  org.testng.internal.Utils -[Utils] DynamicGraphHelper.createDynamicGraph() took 3 ms.
20:20:06.400 {main} INFO  testCases.TC001_AccountRegistrationTest -***** STARTING TC001_AccountRegistrationTest *****
20:20:07.218 {main} INFO  testCases.TC001_AccountRegistrationTest -Clicked on MyAccount Link
20:20:07.221 {main} INFO  testCases.TC001_AccountRegistrationTest -Providing customer details
20:20:08.621 {main} INFO  testCases.TC001_AccountRegistrationTest -Validatin expected message...
20:20:08.666 {main} ERROR testCases.TC001_AccountRegistrationTest -Test Failed
20:20:08.953 {main} INFO  org.testng.internal.Utils -[TestNG] Time taken by org.testng.reporters.jq.Main@2227a6c1: 59 ms
20:20:08.965 {main} INFO  org.testng.internal.Utils -[TestNG] Time taken by org.testng.reporters.FailedReporter@24fabd0f: 12 ms
20:20:08.972 {main} INFO  org.testng.internal.Utils -[TestNG] Time taken by org.testng.reporters.XMLReporter@985696: 7 ms
20:20:08.978 {main} INFO  org.testng.internal.Utils -[TestNG] Time taken by org.testng.reporters.EmailableReporter2@6124287a: 6 ms
20:20:08.983 {main} INFO  org.testng.internal.Utils -[TestNG] Time taken by org.testng.reporters.JUnitReportReporter@62e6a3ec: 5 ms
20:20:08.984 {main} INFO  org.testng.internal.Utils -[TestNG] Time taken by org.testng.internal.ExitCodeListener@5754de72: 0 ms
20:21:41.521 {main} INFO  org.testng.internal.Utils -[Utils] MethodGroupsHelper.collectMethodsByGroup() took 0 ms.
20:21:41.525 {main} INFO  org.testng.internal.Utils -[Utils] MethodGroupsHelper.sortMethods() took 0 ms.
20:21:41.526 {main} INFO  org.testng.internal.Utils -[Utils] MethodGroupsHelper.collectMethodsByGroup() took 0 ms.
20:21:41.527 {main} INFO  org.testng.internal.Utils -[Utils] MethodGroupsHelper.sortMethods() took 0 ms.
20:21:41.527 {main} INFO  org.testng.internal.Utils -[Utils] MethodGroupsHelper.collectMethodsByGroup() took 0 ms.
20:21:41.527 {main} INFO  org.testng.internal.Utils -[Utils] MethodGroupsHelper.sortMethods() took 0 ms.
20:21:41.528 {main} INFO  org.testng.internal.Utils -[Utils] MethodGroupsHelper.collectMethodsByGroup() took 0 ms.
20:21:41.528 {main} INFO  org.testng.internal.Utils -[Utils] MethodGroupsHelper.sortMethods() took 0 ms.
20:21:41.534 {main} INFO  org.testng.internal.Utils -[Utils] MethodGroupsHelper.collectMethodsByGroup() took 4 ms.
20:21:41.541 {main} INFO  org.testng.internal.Utils -[Utils] MethodGroupsHelper.sortMethods() took 7 ms.
20:21:41.543 {main} INFO  org.testng.internal.Utils -[Utils] MethodGroupsHelper.collectMethodsByGroup() took 0 ms.
20:21:41.543 {main} INFO  org.testng.internal.Utils -[Utils] MethodGroupsHelper.sortMethods() took 0 ms.
20:21:41.544 {main} INFO  org.testng.internal.Utils -[Utils] MethodGroupsHelper.collectMethodsByGroup() took 0 ms.
20:21:41.544 {main} INFO  org.testng.internal.Utils -[Utils] MethodGroupsHelper.sortMethods() took 0 ms.
20:21:41.544 {main} INFO  org.testng.internal.Utils -[Utils] MethodGroupsHelper.collectMethodsByGroup() took 0 ms.
20:21:41.544 {main} INFO  org.testng.internal.Utils -[Utils] MethodGroupsHelper.sortMethods() took 0 ms.
20:21:41.546 {main} INFO  org.testng.internal.Utils -[Utils] MethodGroupsHelper.collectMethodsByGroup() took 0 ms.
20:21:41.546 {main} INFO  org.testng.internal.Utils -[Utils] MethodGroupsHelper.sortMethods() took 0 ms.
20:21:41.547 {main} INFO  org.testng.internal.Utils -[Utils] MethodGroupsHelper.collectMethodsByGroup() took 0 ms.
20:21:41.547 {main} INFO  org.testng.internal.Utils -[Utils] MethodGroupsHelper.sortMethods() took 0 ms.
20:21:41.549 {main} INFO  org.testng.internal.Utils -[Utils] MethodGroupsHelper.collectMethodsByGroup() took 0 ms.
20:21:41.549 {main} INFO  org.testng.internal.Utils -[Utils] MethodGroupsHelper.sortMethods() took 0 ms.
20:21:41.549 {main} INFO  org.testng.internal.Utils -[Utils] MethodGroupsHelper.collectMethodsByGroup() took 0 ms.
20:21:41.549 {main} INFO  org.testng.internal.Utils -[Utils] MethodGroupsHelper.sortMethods() took 0 ms.
20:21:41.550 {main} INFO  org.testng.internal.Utils -[Utils] MethodGroupsHelper.collectMethodsByGroup() took 0 ms.
20:21:41.551 {main} INFO  org.testng.internal.Utils -[Utils] MethodGroupsHelper.sortMethods() took 0 ms.
20:21:41.552 {main} INFO  org.testng.internal.Utils -[Utils] MethodGroupsHelper.collectMethodsByGroup() took 0 ms.
20:21:41.552 {main} INFO  org.testng.internal.Utils -[Utils] MethodGroupsHelper.sortMethods() took 0 ms.
20:21:41.552 {main} INFO  org.testng.internal.Utils -[Utils] MethodGroupsHelper.collectMethodsByGroup() took 0 ms.
20:21:41.552 {main} INFO  org.testng.internal.Utils -[Utils] MethodGroupsHelper.sortMethods() took 0 ms.
20:21:41.559 {main} INFO  org.testng.internal.Utils -[TestNG] Running:
  C:\Users\NIKHIL\AppData\Local\Temp\testng-eclipse--433805293\testng-customsuite.xml

20:21:41.577 {main} INFO  org.testng.internal.Utils -[Utils] DynamicGraphHelper.createDynamicGraph() took 3 ms.
20:21:44.498 {main} INFO  testCases.TC001_AccountRegistrationTest -***** STARTING TC001_AccountRegistrationTest *****
20:21:45.312 {main} INFO  testCases.TC001_AccountRegistrationTest -Clicked on MyAccount Link
20:21:45.315 {main} INFO  testCases.TC001_AccountRegistrationTest -Providing customer details
20:21:46.584 {main} INFO  testCases.TC001_AccountRegistrationTest -Validatin expected message...
20:21:46.626 {main} INFO  testCases.TC001_AccountRegistrationTest -***** FINISHED TC001_AccountRegistrationTest *****
20:21:46.868 {main} INFO  org.testng.internal.Utils -[TestNG] Time taken by org.testng.reporters.jq.Main@3e850122: 58 ms
20:21:46.869 {main} INFO  org.testng.internal.Utils -[TestNG] Time taken by org.testng.reporters.FailedReporter@5ac7aa18: 1 ms
20:21:46.877 {main} INFO  org.testng.internal.Utils -[TestNG] Time taken by org.testng.reporters.XMLReporter@6a10b263: 8 ms
20:21:46.881 {main} INFO  org.testng.internal.Utils -[TestNG] Time taken by org.testng.reporters.EmailableReporter2@4d74c3ba: 4 ms
20:21:46.885 {main} INFO  org.testng.internal.Utils -[TestNG] Time taken by org.testng.reporters.JUnitReportReporter@73ba6fe6: 3 ms
20:21:46.885 {main} INFO  org.testng.internal.Utils -[TestNG] Time taken by org.testng.internal.ExitCodeListener@79ab34c1: 0 ms
20:50:36.786 {main} INFO  org.testng.internal.Utils -[TestNG] Running:
  E:\Project_From_Git\TestNGFramework\testng.xml

20:50:41.116 {main} INFO  testCases.TC001_AccountRegistrationTest -***** STARTING TC001_AccountRegistrationTest *****
20:50:41.864 {main} INFO  testCases.TC001_AccountRegistrationTest -Clicked on MyAccount Link
20:50:41.867 {main} INFO  testCases.TC001_AccountRegistrationTest -Providing customer details
20:50:43.154 {main} INFO  testCases.TC001_AccountRegistrationTest -Validatin expected message...
20:50:43.198 {main} INFO  testCases.TC001_AccountRegistrationTest -***** FINISHED TC001_AccountRegistrationTest *****
21:48:26.742 {main} INFO  org.testng.internal.Utils -[TestNG] Running:
  E:\Project_From_Git\TestNGFramework\master.xml

21:48:29.309 {main} INFO  testCases.TC001_AccountRegistrationTest -***** STARTING TC001_AccountRegistrationTest *****
21:48:30.136 {main} INFO  testCases.TC001_AccountRegistrationTest -Clicked on MyAccount Link
21:48:30.140 {main} INFO  testCases.TC001_AccountRegistrationTest -Providing customer details
21:48:31.460 {main} INFO  testCases.TC001_AccountRegistrationTest -Validatin expected message...
21:48:31.500 {main} INFO  testCases.TC001_AccountRegistrationTest -***** FINISHED TC001_AccountRegistrationTest *****
21:48:55.497 {main} INFO  org.testng.internal.Utils -[TestNG] Running:
  E:\Project_From_Git\TestNGFramework\master.xml

21:49:02.626 {main} INFO  testCases.TC001_AccountRegistrationTest -***** STARTING TC001_AccountRegistrationTest *****
21:49:03.269 {main} INFO  testCases.TC001_AccountRegistrationTest -Clicked on MyAccount Link
21:49:03.273 {main} INFO  testCases.TC001_AccountRegistrationTest -Providing customer details
21:49:04.403 {main} INFO  testCases.TC001_AccountRegistrationTest -Validatin expected message...
21:49:04.424 {main} INFO  testCases.TC001_AccountRegistrationTest -***** FINISHED TC001_AccountRegistrationTest *****
21:49:27.149 {main} INFO  org.testng.internal.Utils -[TestNG] Running:
  E:\Project_From_Git\TestNGFramework\master.xml

21:49:31.075 {main} INFO  testCases.TC001_AccountRegistrationTest -***** STARTING TC001_AccountRegistrationTest *****
21:49:33.592 {main} INFO  testCases.TC001_AccountRegistrationTest -Clicked on MyAccount Link
21:49:33.596 {main} INFO  testCases.TC001_AccountRegistrationTest -Providing customer details
21:49:35.319 {main} INFO  testCases.TC001_AccountRegistrationTest -Validatin expected message...
21:49:35.360 {main} INFO  testCases.TC001_AccountRegistrationTest -***** FINISHED TC001_AccountRegistrationTest *****
21:54:55.369 {main} INFO  org.testng.internal.Utils -[TestNG] Running:
  E:\Project_From_Git\TestNGFramework\crossbrowsertestin.xml

21:54:57.460 {main} INFO  testCases.TC001_AccountRegistrationTest -***** STARTING TC001_AccountRegistrationTest *****
21:54:58.241 {main} INFO  testCases.TC001_AccountRegistrationTest -Clicked on MyAccount Link
21:54:58.244 {main} INFO  testCases.TC001_AccountRegistrationTest -Providing customer details
21:54:59.603 {main} INFO  testCases.TC001_AccountRegistrationTest -Validatin expected message...
21:54:59.643 {main} INFO  testCases.TC001_AccountRegistrationTest -***** FINISHED TC001_AccountRegistrationTest *****
21:55:04.141 {main} INFO  testCases.TC001_AccountRegistrationTest -***** STARTING TC001_AccountRegistrationTest *****
21:55:05.106 {main} INFO  testCases.TC001_AccountRegistrationTest -Clicked on MyAccount Link
21:55:05.106 {main} INFO  testCases.TC001_AccountRegistrationTest -Providing customer details
21:55:06.610 {main} INFO  testCases.TC001_AccountRegistrationTest -Validatin expected message...
21:55:06.653 {main} INFO  testCases.TC001_AccountRegistrationTest -***** FINISHED TC001_AccountRegistrationTest *****
21:55:08.383 {main} INFO  testCases.TC001_AccountRegistrationTest -***** STARTING TC001_AccountRegistrationTest *****
21:55:09.204 {main} INFO  testCases.TC001_AccountRegistrationTest -Clicked on MyAccount Link
21:55:09.205 {main} INFO  testCases.TC001_AccountRegistrationTest -Providing customer details
21:55:10.488 {main} INFO  testCases.TC001_AccountRegistrationTest -Validatin expected message...
21:55:10.526 {main} INFO  testCases.TC001_AccountRegistrationTest -***** FINISHED TC001_AccountRegistrationTest *****
21:56:39.815 {main} INFO  org.testng.internal.Utils -[TestNG] Running:
  E:\Project_From_Git\TestNGFramework\crossbrowsertestin.xml

21:56:42.702 {TestNG-tests-1} INFO  testCases.TC001_AccountRegistrationTest -***** STARTING TC001_AccountRegistrationTest *****
21:56:42.757 {TestNG-tests-3} INFO  testCases.TC001_AccountRegistrationTest -***** STARTING TC001_AccountRegistrationTest *****
21:56:43.649 {TestNG-tests-2} INFO  testCases.TC001_AccountRegistrationTest -***** STARTING TC001_AccountRegistrationTest *****
21:56:43.850 {TestNG-tests-1} INFO  testCases.TC001_AccountRegistrationTest -Clicked on MyAccount Link
21:56:43.855 {TestNG-tests-1} INFO  testCases.TC001_AccountRegistrationTest -Providing customer details
21:56:43.918 {TestNG-tests-3} INFO  testCases.TC001_AccountRegistrationTest -Clicked on MyAccount Link
21:56:43.919 {TestNG-tests-3} INFO  testCases.TC001_AccountRegistrationTest -Providing customer details
21:56:44.824 {TestNG-tests-2} INFO  testCases.TC001_AccountRegistrationTest -Clicked on MyAccount Link
21:56:44.826 {TestNG-tests-2} INFO  testCases.TC001_AccountRegistrationTest -Providing customer details
21:56:45.373 {TestNG-tests-2} INFO  testCases.TC001_AccountRegistrationTest -Validatin expected message...
21:56:45.690 {TestNG-tests-1} INFO  testCases.TC001_AccountRegistrationTest -Validatin expected message...
21:56:45.733 {TestNG-tests-1} INFO  testCases.TC001_AccountRegistrationTest -***** FINISHED TC001_AccountRegistrationTest *****
21:56:46.051 {TestNG-tests-3} INFO  testCases.TC001_AccountRegistrationTest -Validatin expected message...
21:56:46.107 {TestNG-tests-3} INFO  testCases.TC001_AccountRegistrationTest -***** FINISHED TC001_AccountRegistrationTest *****
21:56:46.212 {TestNG-tests-2} INFO  testCases.TC001_AccountRegistrationTest -***** FINISHED TC001_AccountRegistrationTest *****
21:58:04.305 {main} INFO  org.testng.internal.Utils -[TestNG] Running:
  E:\Project_From_Git\TestNGFramework\crossbrowsertestin.xml

21:58:06.997 {TestNG-tests-2} INFO  testCases.TC001_AccountRegistrationTest -***** STARTING TC001_AccountRegistrationTest *****
21:58:08.193 {TestNG-tests-1} INFO  testCases.TC001_AccountRegistrationTest -***** STARTING TC001_AccountRegistrationTest *****
21:58:08.608 {TestNG-tests-2} INFO  testCases.TC001_AccountRegistrationTest -Clicked on MyAccount Link
21:58:08.612 {TestNG-tests-2} INFO  testCases.TC001_AccountRegistrationTest -Providing customer details
21:58:09.711 {TestNG-tests-1} INFO  testCases.TC001_AccountRegistrationTest -Clicked on MyAccount Link
21:58:09.712 {TestNG-tests-1} INFO  testCases.TC001_AccountRegistrationTest -Providing customer details
21:58:10.866 {TestNG-tests-2} INFO  testCases.TC001_AccountRegistrationTest -Validatin expected message...
21:58:10.910 {TestNG-tests-2} INFO  testCases.TC001_AccountRegistrationTest -***** FINISHED TC001_AccountRegistrationTest *****
21:58:10.966 {TestNG-tests-3} INFO  testCases.TC001_AccountRegistrationTest -***** STARTING TC001_AccountRegistrationTest *****
21:58:11.129 {TestNG-tests-1} INFO  testCases.TC001_AccountRegistrationTest -Validatin expected message...
21:58:11.183 {TestNG-tests-1} INFO  testCases.TC001_AccountRegistrationTest -***** FINISHED TC001_AccountRegistrationTest *****
21:58:11.619 {TestNG-tests-3} INFO  testCases.TC001_AccountRegistrationTest -Clicked on MyAccount Link
21:58:11.622 {TestNG-tests-3} INFO  testCases.TC001_AccountRegistrationTest -Providing customer details
21:58:12.722 {TestNG-tests-3} INFO  testCases.TC001_AccountRegistrationTest -Validatin expected message...
21:58:12.737 {TestNG-tests-3} INFO  testCases.TC001_AccountRegistrationTest -***** FINISHED TC001_AccountRegistrationTest *****
22:03:12.902 {main} INFO  org.testng.internal.Utils -[TestNG] Running:
  E:\Project_From_Git\TestNGFramework\crossbrowsertestin.xml

22:03:14.817 {TestNG-tests-2} INFO  testCases.TC001_AccountRegistrationTest -EDGE driver initilized
22:03:14.817 {TestNG-tests-1} INFO  testCases.TC001_AccountRegistrationTest -CHROME driver initilized
22:03:17.009 {TestNG-tests-1} INFO  testCases.TC001_AccountRegistrationTest -***** STARTING TC001_AccountRegistrationTest *****
22:03:18.046 {TestNG-tests-3} INFO  testCases.TC001_AccountRegistrationTest -FIREFOX driver initilized
22:03:18.126 {TestNG-tests-1} INFO  testCases.TC001_AccountRegistrationTest -Clicked on MyAccount Link
22:03:18.131 {TestNG-tests-1} INFO  testCases.TC001_AccountRegistrationTest -Providing customer details
22:03:18.912 {TestNG-tests-2} INFO  testCases.TC001_AccountRegistrationTest -***** STARTING TC001_AccountRegistrationTest *****
22:03:19.229 {TestNG-tests-3} INFO  testCases.TC001_AccountRegistrationTest -***** STARTING TC001_AccountRegistrationTest *****
22:03:20.060 {TestNG-tests-1} INFO  testCases.TC001_AccountRegistrationTest -Validatin expected message...
22:03:20.127 {TestNG-tests-1} INFO  testCases.TC001_AccountRegistrationTest -***** FINISHED TC001_AccountRegistrationTest *****
22:03:20.141 {TestNG-tests-3} INFO  testCases.TC001_AccountRegistrationTest -Clicked on MyAccount Link
22:03:20.142 {TestNG-tests-3} INFO  testCases.TC001_AccountRegistrationTest -Providing customer details
22:03:20.629 {TestNG-tests-2} INFO  testCases.TC001_AccountRegistrationTest -Clicked on MyAccount Link
22:03:20.630 {TestNG-tests-2} INFO  testCases.TC001_AccountRegistrationTest -Providing customer details
22:03:21.305 {TestNG-tests-3} INFO  testCases.TC001_AccountRegistrationTest -Validatin expected message...
22:03:21.336 {TestNG-tests-3} INFO  testCases.TC001_AccountRegistrationTest -***** FINISHED TC001_AccountRegistrationTest *****
22:03:22.443 {TestNG-tests-2} INFO  testCases.TC001_AccountRegistrationTest -Validatin expected message...
22:03:22.482 {TestNG-tests-2} INFO  testCases.TC001_AccountRegistrationTest -***** FINISHED TC001_AccountRegistrationTest *****
22:18:45.717 {main} INFO  org.testng.internal.Utils -[TestNG] Running:
  E:\Project_From_Git\TestNGFramework\master.xml

22:20:08.567 {main} INFO  org.testng.internal.Utils -[TestNG] Running:
  E:\Project_From_Git\TestNGFramework\master.xml

22:20:21.301 {main} INFO  org.testng.internal.Utils -[Utils] MethodGroupsHelper.collectMethodsByGroup() took 0 ms.
22:20:21.305 {main} INFO  org.testng.internal.Utils -[Utils] MethodGroupsHelper.sortMethods() took 0 ms.
22:20:21.307 {main} INFO  org.testng.internal.Utils -[Utils] MethodGroupsHelper.collectMethodsByGroup() took 0 ms.
22:20:21.307 {main} INFO  org.testng.internal.Utils -[Utils] MethodGroupsHelper.sortMethods() took 0 ms.
22:20:21.307 {main} INFO  org.testng.internal.Utils -[Utils] MethodGroupsHelper.collectMethodsByGroup() took 0 ms.
22:20:21.307 {main} INFO  org.testng.internal.Utils -[Utils] MethodGroupsHelper.sortMethods() took 0 ms.
22:20:21.308 {main} INFO  org.testng.internal.Utils -[Utils] MethodGroupsHelper.collectMethodsByGroup() took 0 ms.
22:20:21.308 {main} INFO  org.testng.internal.Utils -[Utils] MethodGroupsHelper.sortMethods() took 0 ms.
22:20:21.314 {main} INFO  org.testng.internal.Utils -[Utils] MethodGroupsHelper.collectMethodsByGroup() took 4 ms.
22:20:21.323 {main} INFO  org.testng.internal.Utils -[Utils] MethodGroupsHelper.sortMethods() took 8 ms.
22:20:21.324 {main} INFO  org.testng.internal.Utils -[Utils] MethodGroupsHelper.collectMethodsByGroup() took 0 ms.
22:20:21.324 {main} INFO  org.testng.internal.Utils -[Utils] MethodGroupsHelper.sortMethods() took 0 ms.
22:20:21.325 {main} INFO  org.testng.internal.Utils -[Utils] MethodGroupsHelper.collectMethodsByGroup() took 0 ms.
22:20:21.325 {main} INFO  org.testng.internal.Utils -[Utils] MethodGroupsHelper.sortMethods() took 0 ms.
22:20:21.325 {main} INFO  org.testng.internal.Utils -[Utils] MethodGroupsHelper.collectMethodsByGroup() took 0 ms.
22:20:21.325 {main} INFO  org.testng.internal.Utils -[Utils] MethodGroupsHelper.sortMethods() took 0 ms.
22:20:21.327 {main} INFO  org.testng.internal.Utils -[Utils] MethodGroupsHelper.collectMethodsByGroup() took 0 ms.
22:20:21.327 {main} INFO  org.testng.internal.Utils -[Utils] MethodGroupsHelper.sortMethods() took 0 ms.
22:20:21.327 {main} INFO  org.testng.internal.Utils -[Utils] MethodGroupsHelper.collectMethodsByGroup() took 0 ms.
22:20:21.328 {main} INFO  org.testng.internal.Utils -[Utils] MethodGroupsHelper.sortMethods() took 0 ms.
22:20:21.330 {main} INFO  org.testng.internal.Utils -[Utils] MethodGroupsHelper.collectMethodsByGroup() took 0 ms.
22:20:21.330 {main} INFO  org.testng.internal.Utils -[Utils] MethodGroupsHelper.sortMethods() took 0 ms.
22:20:21.330 {main} INFO  org.testng.internal.Utils -[Utils] MethodGroupsHelper.collectMethodsByGroup() took 0 ms.
22:20:21.330 {main} INFO  org.testng.internal.Utils -[Utils] MethodGroupsHelper.sortMethods() took 0 ms.
22:20:21.332 {main} INFO  org.testng.internal.Utils -[Utils] MethodGroupsHelper.collectMethodsByGroup() took 1 ms.
22:20:21.332 {main} INFO  org.testng.internal.Utils -[Utils] MethodGroupsHelper.sortMethods() took 0 ms.
22:20:21.334 {main} INFO  org.testng.internal.Utils -[Utils] MethodGroupsHelper.collectMethodsByGroup() took 0 ms.
22:20:21.334 {main} INFO  org.testng.internal.Utils -[Utils] MethodGroupsHelper.sortMethods() took 0 ms.
22:20:21.334 {main} INFO  org.testng.internal.Utils -[Utils] MethodGroupsHelper.collectMethodsByGroup() took 0 ms.
22:20:21.334 {main} INFO  org.testng.internal.Utils -[Utils] MethodGroupsHelper.sortMethods() took 0 ms.
22:20:21.341 {main} INFO  org.testng.internal.Utils -[TestNG] Running:
  C:\Users\NIKHIL\AppData\Local\Temp\testng-eclipse-185426945\testng-customsuite.xml

22:20:21.361 {main} INFO  org.testng.internal.Utils -[Utils] DynamicGraphHelper.createDynamicGraph() took 4 ms.
22:20:21.524 {main} INFO  org.testng.internal.Utils -[TestNG] Time taken by org.testng.reporters.jq.Main@40f33492: 54 ms
22:20:21.540 {main} INFO  org.testng.internal.Utils -[TestNG] Time taken by org.testng.reporters.FailedReporter@726386ed: 16 ms
22:20:21.551 {main} INFO  org.testng.internal.Utils -[TestNG] Time taken by org.testng.reporters.XMLReporter@31500940: 11 ms
22:20:21.560 {main} INFO  org.testng.internal.Utils -[TestNG] Time taken by org.testng.reporters.EmailableReporter2@5be82d43: 9 ms
22:20:21.566 {main} INFO  org.testng.internal.Utils -[TestNG] Time taken by org.testng.reporters.JUnitReportReporter@77b7ffa4: 6 ms
22:20:21.567 {main} INFO  org.testng.internal.Utils -[TestNG] Time taken by org.testng.internal.ExitCodeListener@5ed190be: 0 ms
22:24:32.460 {main} INFO  org.testng.internal.Utils -[TestNG] Running:
  E:\Project_From_Git\TestNGFramework\master.xml

22:26:43.767 {main} INFO  org.testng.internal.Utils -[TestNG] Running:
  E:\Project_From_Git\TestNGFramework\master.xml

22:29:12.479 {main} INFO  org.testng.internal.Utils -[TestNG] Running:
  E:\Project_From_Git\TestNGFramework\master.xml

22:32:24.595 {main} INFO  org.testng.internal.Utils -[TestNG] Running:
  E:\Project_From_Git\TestNGFramework\master.xml

22:34:11.010 {main} INFO  org.testng.internal.Utils -[TestNG] Running:
  E:\Project_From_Git\TestNGFramework\master.xml

22:34:12.350 {main} INFO  testCases.TC001_AccountRegistrationTest -CHROME driver initilized
22:34:13.979 {main} INFO  testCases.TC001_AccountRegistrationTest -***** STARTING TC001_AccountRegistrationTest *****
22:34:14.594 {main} INFO  testCases.TC001_AccountRegistrationTest -Clicked on MyAccount Link
22:34:14.597 {main} INFO  testCases.TC001_AccountRegistrationTest -Providing customer details
22:34:15.319 {main} INFO  testCases.TC001_AccountRegistrationTest -Validatin expected message...
22:34:15.984 {main} INFO  testCases.TC001_AccountRegistrationTest -***** FINISHED TC001_AccountRegistrationTest *****
22:41:20.276 {main} INFO  org.testng.internal.Utils -[TestNG] Running:
  E:\Project_From_Git\TestNGFramework\crossbrowsertestin.xml

22:41:22.160 {TestNG-tests-1} INFO  testCases.TC001_AccountRegistrationTest -CHROME driver initilized
22:41:22.160 {TestNG-tests-2} INFO  testCases.TC001_AccountRegistrationTest -EDGE driver initilized
22:41:23.083 {TestNG-tests-2} INFO  testCases.TC001_AccountRegistrationTest -***** STARTING TC001_AccountRegistrationTest *****
22:41:24.252 {TestNG-tests-1} INFO  testCases.TC001_AccountRegistrationTest -***** STARTING TC001_AccountRegistrationTest *****
22:41:25.252 {TestNG-tests-1} INFO  testCases.TC001_AccountRegistrationTest -Clicked on MyAccount Link
22:41:25.257 {TestNG-tests-1} INFO  testCases.TC001_AccountRegistrationTest -Providing customer details
22:41:25.308 {TestNG-tests-3} INFO  testCases.TC001_AccountRegistrationTest -FIREFOX driver initilized
22:41:25.728 {TestNG-tests-2} INFO  testCases.TC001_AccountRegistrationTest -Clicked on MyAccount Link
22:41:25.729 {TestNG-tests-2} INFO  testCases.TC001_AccountRegistrationTest -Providing customer details
22:41:26.437 {TestNG-tests-3} INFO  testCases.TC001_AccountRegistrationTest -***** STARTING TC001_AccountRegistrationTest *****
22:41:27.377 {TestNG-tests-1} INFO  testCases.TC001_AccountRegistrationTest -Validatin expected message...
22:41:27.411 {TestNG-tests-3} INFO  testCases.TC001_AccountRegistrationTest -Clicked on MyAccount Link
22:41:27.412 {TestNG-tests-3} INFO  testCases.TC001_AccountRegistrationTest -Providing customer details
22:41:27.420 {TestNG-tests-1} INFO  testCases.TC001_AccountRegistrationTest -***** FINISHED TC001_AccountRegistrationTest *****
22:41:27.746 {TestNG-tests-2} INFO  testCases.TC001_AccountRegistrationTest -Validatin expected message...
22:41:27.790 {TestNG-tests-2} INFO  testCases.TC001_AccountRegistrationTest -***** FINISHED TC001_AccountRegistrationTest *****
22:41:28.683 {TestNG-tests-3} INFO  testCases.TC001_AccountRegistrationTest -Validatin expected message...
22:41:28.698 {TestNG-tests-3} INFO  testCases.TC001_AccountRegistrationTest -***** FINISHED TC001_AccountRegistrationTest *****
22:42:00.197 {main} INFO  org.testng.internal.Utils -[TestNG] Running:
  E:\Project_From_Git\TestNGFramework\crossbrowsertestin.xml

22:42:02.097 {TestNG-tests-1} INFO  testCases.TC001_AccountRegistrationTest -CHROME driver initilized
22:42:02.098 {TestNG-tests-2} INFO  testCases.TC001_AccountRegistrationTest -EDGE driver initilized
22:42:04.166 {TestNG-tests-2} INFO  testCases.TC001_AccountRegistrationTest -***** STARTING TC001_AccountRegistrationTest *****
22:42:04.167 {TestNG-tests-1} INFO  testCases.TC001_AccountRegistrationTest -***** STARTING TC001_AccountRegistrationTest *****
22:42:05.245 {TestNG-tests-3} INFO  testCases.TC001_AccountRegistrationTest -FIREFOX driver initilized
22:42:05.353 {TestNG-tests-1} INFO  testCases.TC001_AccountRegistrationTest -Clicked on MyAccount Link
22:42:05.362 {TestNG-tests-1} INFO  testCases.TC001_AccountRegistrationTest -Providing customer details
22:42:05.874 {TestNG-tests-2} INFO  testCases.TC001_AccountRegistrationTest -Clicked on MyAccount Link
22:42:05.878 {TestNG-tests-2} INFO  testCases.TC001_AccountRegistrationTest -Providing customer details
22:42:06.430 {TestNG-tests-3} INFO  testCases.TC001_AccountRegistrationTest -***** STARTING TC001_AccountRegistrationTest *****
22:42:07.203 {TestNG-tests-3} INFO  testCases.TC001_AccountRegistrationTest -Clicked on MyAccount Link
22:42:07.204 {TestNG-tests-3} INFO  testCases.TC001_AccountRegistrationTest -Providing customer details
22:42:07.532 {TestNG-tests-1} INFO  testCases.TC001_AccountRegistrationTest -Validatin expected message...
22:42:07.582 {TestNG-tests-1} INFO  testCases.TC001_AccountRegistrationTest -***** FINISHED TC001_AccountRegistrationTest *****
22:42:07.960 {TestNG-tests-2} INFO  testCases.TC001_AccountRegistrationTest -Validatin expected message...
22:42:08.004 {TestNG-tests-2} INFO  testCases.TC001_AccountRegistrationTest -***** FINISHED TC001_AccountRegistrationTest *****
22:42:08.373 {TestNG-tests-3} INFO  testCases.TC001_AccountRegistrationTest -Validatin expected message...
22:42:08.390 {TestNG-tests-3} INFO  testCases.TC001_AccountRegistrationTest -***** FINISHED TC001_AccountRegistrationTest *****
22:42:46.797 {main} INFO  org.testng.internal.Utils -[TestNG] Running:
  E:\Project_From_Git\TestNGFramework\master.xml

22:42:48.059 {main} INFO  testCases.TC001_AccountRegistrationTest -CHROME driver initilized
22:42:50.351 {main} INFO  testCases.TC001_AccountRegistrationTest -***** STARTING TC001_AccountRegistrationTest *****
22:42:50.995 {main} INFO  testCases.TC001_AccountRegistrationTest -Clicked on MyAccount Link
22:42:50.999 {main} INFO  testCases.TC001_AccountRegistrationTest -Providing customer details
22:42:52.308 {main} INFO  testCases.TC001_AccountRegistrationTest -Validatin expected message...
22:44:54.673 {main} INFO  org.testng.internal.Utils -[TestNG] Running:
  E:\Project_From_Git\TestNGFramework\master.xml

22:44:55.966 {main} INFO  testCases.TC001_AccountRegistrationTest -CHROME driver initilized
22:44:57.084 {main} INFO  testCases.TC001_AccountRegistrationTest -***** STARTING TC001_AccountRegistrationTest *****
22:44:57.781 {main} INFO  testCases.TC001_AccountRegistrationTest -Clicked on MyAccount Link
22:44:57.786 {main} INFO  testCases.TC001_AccountRegistrationTest -Providing customer details
22:44:59.071 {main} INFO  testCases.TC001_AccountRegistrationTest -Validatin expected message...
22:44:59.111 {main} INFO  testCases.TC001_AccountRegistrationTest -***** FINISHED TC001_AccountRegistrationTest *****
22:45:10.880 {main} INFO  org.testng.internal.Utils -[TestNG] Running:
  E:\Project_From_Git\TestNGFramework\crossbrowsertestin.xml

22:45:12.733 {TestNG-tests-1} INFO  testCases.TC001_AccountRegistrationTest -CHROME driver initilized
22:45:12.735 {TestNG-tests-2} INFO  testCases.TC001_AccountRegistrationTest -EDGE driver initilized
22:45:13.677 {TestNG-tests-1} INFO  testCases.TC001_AccountRegistrationTest -***** STARTING TC001_AccountRegistrationTest *****
22:45:14.790 {TestNG-tests-2} INFO  testCases.TC001_AccountRegistrationTest -***** STARTING TC001_AccountRegistrationTest *****
22:45:15.274 {TestNG-tests-1} INFO  testCases.TC001_AccountRegistrationTest -Clicked on MyAccount Link
22:45:15.279 {TestNG-tests-1} INFO  testCases.TC001_AccountRegistrationTest -Providing customer details
22:45:16.042 {TestNG-tests-3} INFO  testCases.TC001_AccountRegistrationTest -FIREFOX driver initilized
22:45:16.487 {TestNG-tests-2} INFO  testCases.TC001_AccountRegistrationTest -Clicked on MyAccount Link
22:45:16.488 {TestNG-tests-2} INFO  testCases.TC001_AccountRegistrationTest -Providing customer details
22:45:16.928 {TestNG-tests-1} INFO  testCases.TC001_AccountRegistrationTest -Validatin expected message...
22:45:16.991 {TestNG-tests-1} INFO  testCases.TC001_AccountRegistrationTest -***** FINISHED TC001_AccountRegistrationTest *****
22:45:17.425 {TestNG-tests-3} INFO  testCases.TC001_AccountRegistrationTest -***** STARTING TC001_AccountRegistrationTest *****
22:45:18.108 {TestNG-tests-3} INFO  testCases.TC001_AccountRegistrationTest -Clicked on MyAccount Link
22:45:18.109 {TestNG-tests-3} INFO  testCases.TC001_AccountRegistrationTest -Providing customer details
22:45:18.367 {TestNG-tests-2} INFO  testCases.TC001_AccountRegistrationTest -Validatin expected message...
22:45:18.414 {TestNG-tests-2} INFO  testCases.TC001_AccountRegistrationTest -***** FINISHED TC001_AccountRegistrationTest *****
22:45:19.209 {TestNG-tests-3} INFO  testCases.TC001_AccountRegistrationTest -Validatin expected message...
22:45:19.227 {TestNG-tests-3} INFO  testCases.TC001_AccountRegistrationTest -***** FINISHED TC001_AccountRegistrationTest *****
